::1 - - [28/Jan/2021:21:01:22 +0000] "GET / HTTP/1.1" 304 - "http://localhost:3000/user" "Mozilla/5.0 (Windows NT 10.0; Win64; x64) AppleWebKit/537.36 (KHTML, like Gecko) Chrome/87.0.4280.141 Safari/537.36"
::1 - - [28/Jan/2021:21:01:22 +0000] "GET /pageOne.f99db76f80caa6754236.css HTTP/1.1" 304 - "http://localhost:3000/" "Mozilla/5.0 (Windows NT 10.0; Win64; x64) AppleWebKit/537.36 (KHTML, like Gecko) Chrome/87.0.4280.141 Safari/537.36"
::1 - - [28/Jan/2021:21:01:22 +0000] "GET /641.f99db76f80caa6754236.js HTTP/1.1" 304 - "http://localhost:3000/" "Mozilla/5.0 (Windows NT 10.0; Win64; x64) AppleWebKit/537.36 (KHTML, like Gecko) Chrome/87.0.4280.141 Safari/537.36"
::1 - - [28/Jan/2021:21:01:22 +0000] "GET /202.f99db76f80caa6754236.js HTTP/1.1" 304 - "http://localhost:3000/" "Mozilla/5.0 (Windows NT 10.0; Win64; x64) AppleWebKit/537.36 (KHTML, like Gecko) Chrome/87.0.4280.141 Safari/537.36"
::1 - - [28/Jan/2021:21:03:01 +0000] "GET / HTTP/1.1" 304 - "http://localhost:3000/user" "Mozilla/5.0 (Windows NT 10.0; Win64; x64) AppleWebKit/537.36 (KHTML, like Gecko) Chrome/87.0.4280.141 Safari/537.36"
::1 - - [28/Jan/2021:21:03:01 +0000] "GET /pageOne.f99db76f80caa6754236.css HTTP/1.1" 304 - "http://localhost:3000/" "Mozilla/5.0 (Windows NT 10.0; Win64; x64) AppleWebKit/537.36 (KHTML, like Gecko) Chrome/87.0.4280.141 Safari/537.36"
::1 - - [28/Jan/2021:21:03:01 +0000] "GET /641.f99db76f80caa6754236.js HTTP/1.1" 304 - "http://localhost:3000/" "Mozilla/5.0 (Windows NT 10.0; Win64; x64) AppleWebKit/537.36 (KHTML, like Gecko) Chrome/87.0.4280.141 Safari/537.36"
::ffff:127.0.0.1 - - [28/Jan/2021:21:04:01 +0000] "GET / HTTP/1.1" 304 - "http://localhost:3000/user" "Mozilla/5.0 (Windows NT 10.0; Win64; x64) AppleWebKit/537.36 (KHTML, like Gecko) Chrome/87.0.4280.141 Safari/537.36"
::ffff:127.0.0.1 - - [28/Jan/2021:21:04:01 +0000] "GET /pageOne.f99db76f80caa6754236.css HTTP/1.1" 304 - "http://localhost:3000/" "Mozilla/5.0 (Windows NT 10.0; Win64; x64) AppleWebKit/537.36 (KHTML, like Gecko) Chrome/87.0.4280.141 Safari/537.36"
::ffff:127.0.0.1 - - [28/Jan/2021:21:04:01 +0000] "GET /641.f99db76f80caa6754236.js HTTP/1.1" 304 - "http://localhost:3000/" "Mozilla/5.0 (Windows NT 10.0; Win64; x64) AppleWebKit/537.36 (KHTML, like Gecko) Chrome/87.0.4280.141 Safari/537.36"
::1 - - [28/Jan/2021:21:05:36 +0000] "GET / HTTP/1.1" 304 - "http://localhost:3000/user" "Mozilla/5.0 (Windows NT 10.0; Win64; x64) AppleWebKit/537.36 (KHTML, like Gecko) Chrome/87.0.4280.141 Safari/537.36"
::1 - - [28/Jan/2021:21:05:36 +0000] "GET /pageOne.f99db76f80caa6754236.css HTTP/1.1" 304 - "http://localhost:3000/" "Mozilla/5.0 (Windows NT 10.0; Win64; x64) AppleWebKit/537.36 (KHTML, like Gecko) Chrome/87.0.4280.141 Safari/537.36"
::1 - - [28/Jan/2021:21:05:36 +0000] "GET /641.f99db76f80caa6754236.js HTTP/1.1" 304 - "http://localhost:3000/" "Mozilla/5.0 (Windows NT 10.0; Win64; x64) AppleWebKit/537.36 (KHTML, like Gecko) Chrome/87.0.4280.141 Safari/537.36"
::1 - - [28/Jan/2021:21:05:48 +0000] "POST /api/registration HTTP/1.1" 200 2 "http://localhost:3000/" "Mozilla/5.0 (Windows NT 10.0; Win64; x64) AppleWebKit/537.36 (KHTML, like Gecko) Chrome/87.0.4280.141 Safari/537.36"
::1 - - [28/Jan/2021:21:05:48 +0000] "POST /api/user HTTP/1.1" 302 54 "http://localhost:3000/" "Mozilla/5.0 (Windows NT 10.0; Win64; x64) AppleWebKit/537.36 (KHTML, like Gecko) Chrome/87.0.4280.141 Safari/537.36"
::1 - - [28/Jan/2021:21:05:48 +0000] "GET /user HTTP/1.1" 304 - "http://localhost:3000/" "Mozilla/5.0 (Windows NT 10.0; Win64; x64) AppleWebKit/537.36 (KHTML, like Gecko) Chrome/87.0.4280.141 Safari/537.36"
::1 - - [28/Jan/2021:21:05:48 +0000] "GET /pageUser.f99db76f80caa6754236.css HTTP/1.1" 304 - "http://localhost:3000/user" "Mozilla/5.0 (Windows NT 10.0; Win64; x64) AppleWebKit/537.36 (KHTML, like Gecko) Chrome/87.0.4280.141 Safari/537.36"
::1 - - [28/Jan/2021:21:05:48 +0000] "GET /248.f99db76f80caa6754236.js HTTP/1.1" 304 - "http://localhost:3000/user" "Mozilla/5.0 (Windows NT 10.0; Win64; x64) AppleWebKit/537.36 (KHTML, like Gecko) Chrome/87.0.4280.141 Safari/537.36"
::1 - - [28/Jan/2021:21:05:48 +0000] "GET /polyfill.f99db76f80caa6754236.js HTTP/1.1" 304 - "http://localhost:3000/user" "Mozilla/5.0 (Windows NT 10.0; Win64; x64) AppleWebKit/537.36 (KHTML, like Gecko) Chrome/87.0.4280.141 Safari/537.36"
::1 - - [28/Jan/2021:21:05:49 +0000] "POST /user/api/userData HTTP/1.1" 200 15694 "http://localhost:3000/user" "Mozilla/5.0 (Windows NT 10.0; Win64; x64) AppleWebKit/537.36 (KHTML, like Gecko) Chrome/87.0.4280.141 Safari/537.36"
::1 - - [28/Jan/2021:21:05:49 +0000] "GET /blank_photo.jpg HTTP/1.1" 304 - "http://localhost:3000/user" "Mozilla/5.0 (Windows NT 10.0; Win64; x64) AppleWebKit/537.36 (KHTML, like Gecko) Chrome/87.0.4280.141 Safari/537.36"
::1 - - [28/Jan/2021:21:07:07 +0000] "GET /api/entry HTTP/1.1" 302 46 "http://localhost:3000/user" "Mozilla/5.0 (Windows NT 10.0; Win64; x64) AppleWebKit/537.36 (KHTML, like Gecko) Chrome/87.0.4280.141 Safari/537.36"
::1 - - [28/Jan/2021:21:07:07 +0000] "GET / HTTP/1.1" 304 - "http://localhost:3000/user" "Mozilla/5.0 (Windows NT 10.0; Win64; x64) AppleWebKit/537.36 (KHTML, like Gecko) Chrome/87.0.4280.141 Safari/537.36"
::1 - - [28/Jan/2021:21:07:07 +0000] "GET /pageOne.f99db76f80caa6754236.css HTTP/1.1" 304 - "http://localhost:3000/" "Mozilla/5.0 (Windows NT 10.0; Win64; x64) AppleWebKit/537.36 (KHTML, like Gecko) Chrome/87.0.4280.141 Safari/537.36"
::1 - - [28/Jan/2021:21:07:07 +0000] "GET /641.f99db76f80caa6754236.js HTTP/1.1" 304 - "http://localhost:3000/" "Mozilla/5.0 (Windows NT 10.0; Win64; x64) AppleWebKit/537.36 (KHTML, like Gecko) Chrome/87.0.4280.141 Safari/537.36"
::1 - - [28/Jan/2021:21:07:07 +0000] "GET /polyfill.f99db76f80caa6754236.js HTTP/1.1" 304 - "http://localhost:3000/" "Mozilla/5.0 (Windows NT 10.0; Win64; x64) AppleWebKit/537.36 (KHTML, like Gecko) Chrome/87.0.4280.141 Safari/537.36"
::1 - - [28/Jan/2021:21:07:16 +0000] "GET / HTTP/1.1" 304 - "http://localhost:3000/user" "Mozilla/5.0 (Windows NT 10.0; Win64; x64) AppleWebKit/537.36 (KHTML, like Gecko) Chrome/87.0.4280.141 Safari/537.36"
::1 - - [28/Jan/2021:21:07:16 +0000] "GET /pageOne.f99db76f80caa6754236.css HTTP/1.1" 304 - "http://localhost:3000/" "Mozilla/5.0 (Windows NT 10.0; Win64; x64) AppleWebKit/537.36 (KHTML, like Gecko) Chrome/87.0.4280.141 Safari/537.36"
::1 - - [28/Jan/2021:21:07:16 +0000] "GET /641.f99db76f80caa6754236.js HTTP/1.1" 304 - "http://localhost:3000/" "Mozilla/5.0 (Windows NT 10.0; Win64; x64) AppleWebKit/537.36 (KHTML, like Gecko) Chrome/87.0.4280.141 Safari/537.36"
::1 - - [28/Jan/2021:21:07:28 +0000] "POST /api/registration HTTP/1.1" 200 2 "http://localhost:3000/" "Mozilla/5.0 (Windows NT 10.0; Win64; x64) AppleWebKit/537.36 (KHTML, like Gecko) Chrome/87.0.4280.141 Safari/537.36"
::1 - - [28/Jan/2021:21:07:29 +0000] "POST /api/user HTTP/1.1" 302 54 "http://localhost:3000/" "Mozilla/5.0 (Windows NT 10.0; Win64; x64) AppleWebKit/537.36 (KHTML, like Gecko) Chrome/87.0.4280.141 Safari/537.36"
::1 - - [28/Jan/2021:21:07:29 +0000] "GET /user HTTP/1.1" 304 - "http://localhost:3000/" "Mozilla/5.0 (Windows NT 10.0; Win64; x64) AppleWebKit/537.36 (KHTML, like Gecko) Chrome/87.0.4280.141 Safari/537.36"
::1 - - [28/Jan/2021:21:07:29 +0000] "GET /pageUser.f99db76f80caa6754236.css HTTP/1.1" 304 - "http://localhost:3000/user" "Mozilla/5.0 (Windows NT 10.0; Win64; x64) AppleWebKit/537.36 (KHTML, like Gecko) Chrome/87.0.4280.141 Safari/537.36"
::1 - - [28/Jan/2021:21:07:29 +0000] "GET /248.f99db76f80caa6754236.js HTTP/1.1" 304 - "http://localhost:3000/user" "Mozilla/5.0 (Windows NT 10.0; Win64; x64) AppleWebKit/537.36 (KHTML, like Gecko) Chrome/87.0.4280.141 Safari/537.36"
::1 - - [28/Jan/2021:21:07:29 +0000] "POST /user/api/userData HTTP/1.1" 200 15694 "http://localhost:3000/user" "Mozilla/5.0 (Windows NT 10.0; Win64; x64) AppleWebKit/537.36 (KHTML, like Gecko) Chrome/87.0.4280.141 Safari/537.36"
::1 - - [28/Jan/2021:21:07:29 +0000] "GET /blank_photo.jpg HTTP/1.1" 304 - "http://localhost:3000/user" "Mozilla/5.0 (Windows NT 10.0; Win64; x64) AppleWebKit/537.36 (KHTML, like Gecko) Chrome/87.0.4280.141 Safari/537.36"
